<?xml version="1.0" encoding="UTF-8"?>
<testsuite name="响应式流调用测试" tests="7" skipped="0" failures="0" errors="0" timestamp="2025-10-12T14:55:56.524Z" hostname="COMPUTER" time="3.597">
  <properties/>
  <testcase name="流式数据超时测试" classname="com.example.webclient.client.ContentStreamClientTest" time="1.195"/>
  <testcase name="批量处理流式数据" classname="com.example.webclient.client.ContentStreamClientTest" time="0.474"/>
  <testcase name="窗口化处理流式数据" classname="com.example.webclient.client.ContentStreamClientTest" time="0.556"/>
  <testcase name="流式数据过滤 - 关键词过滤" classname="com.example.webclient.client.ContentStreamClientTest" time="0.354"/>
  <testcase name="流式数据限制数量测试" classname="com.example.webclient.client.ContentStreamClientTest" time="0.336"/>
  <testcase name="消费流式内容 - 背压控制" classname="com.example.webclient.client.ContentStreamClientTest" time="0.34"/>
  <testcase name="消费流式内容 - 成功" classname="com.example.webclient.client.ContentStreamClientTest" time="0.327"/>
  <system-out><![CDATA[2025-10-12 22:55:53.370 [Test worker] INFO  o.s.t.c.s.AnnotationConfigContextLoaderUtils - Could not detect default configuration classes for test class [com.example.webclient.client.ContentStreamClientTest]: ContentStreamClientTest does not declare any static, non-private, non-final, nested classes annotated with @Configuration.
2025-10-12 22:55:53.460 [Test worker] INFO  o.s.b.t.c.SpringBootTestContextBootstrapper - Found @SpringBootConfiguration com.example.webclient.WebClientDemoApplication for test class com.example.webclient.client.ContentStreamClientTest

  .   ____          _            __ _ _
 /\\ / ___'_ __ _ _(_)_ __  __ _ \ \ \ \
( ( )\___ | '_ | '_| | '_ \/ _` | \ \ \ \
 \\/  ___)| |_)| | | | | || (_| |  ) ) ) )
  '  |____| .__|_| |_|_| |_\__, | / / / /
 =========|_|==============|___/=/_/_/_/

 :: Spring Boot ::                (v3.4.3)

2025-10-12 22:55:53.641 [Test worker] INFO  c.e.w.client.ContentStreamClientTest - Starting ContentStreamClientTest using Java 17.0.2 with PID 39308 (started by HiWin10 in E:\Projects\webclient-demo-claude4.5\webclient-demo)
2025-10-12 22:55:53.641 [Test worker] INFO  c.e.w.client.ContentStreamClientTest - The following 1 profile is active: "test"
2025-10-12 22:55:54.734 [Test worker] WARN  o.m.s.mapper.ClassPathMapperScanner - No MyBatis mapper was found in '[com.example.webclient]' package. Please check your configuration.
 _ _   |_  _ _|_. ___ _ |    _ 
| | |\/|_)(_| | |_\  |_)||_|_\ 
     /               |         
                        3.5.5 
2025-10-12 22:55:56.512 [Test worker] INFO  c.e.w.client.ContentStreamClientTest - Started ContentStreamClientTest in 3.038 seconds (process running for 15.083)
2025-10-12 22:55:56.625 [Test worker] INFO  c.e.w.client.ContentStreamClient - Starting to consume content stream for topic: test
2025-10-12 22:55:56.716 [Test worker] INFO  c.e.w.client.ContentStreamClient - Subscribed to content stream
2025-10-12 22:55:57.365 [webflux-http-nio-2] INFO  c.e.w.c.StreamMockController - Starting stream for topic: test
2025-10-12 22:55:57.607 [reactor-http-nio-2] INFO  c.e.w.f.LoggingExchangeFilterFunction - WebClient: GET http://localhost:8080/api/stream/content?topic=test - 200 OK - 873ms
2025-10-12 22:55:57.707 [reactor-http-nio-2] INFO  c.e.w.client.ContentStreamClient - Content stream cancelled
2025-10-12 22:55:57.729 [Test worker] INFO  c.e.w.client.ContentStreamClient - Consuming stream in batches, topic: test, batchSize: 2
2025-10-12 22:55:57.729 [Test worker] INFO  c.e.w.client.ContentStreamClient - Starting to consume content stream for topic: test
2025-10-12 22:55:57.737 [Test worker] INFO  c.e.w.client.ContentStreamClient - Subscribed to content stream
2025-10-12 22:55:57.778 [webflux-http-nio-3] INFO  c.e.w.c.StreamMockController - Starting stream for topic: test
2025-10-12 22:55:57.897 [reactor-http-nio-3] INFO  c.e.w.f.LoggingExchangeFilterFunction - WebClient: GET http://localhost:8080/api/stream/content?topic=test - 200 OK - 159ms
2025-10-12 22:55:57.989 [reactor-http-nio-3] INFO  c.e.w.client.ContentStreamClient - Received batch of 2 messages
2025-10-12 22:55:58.192 [reactor-http-nio-3] INFO  c.e.w.client.ContentStreamClient - Received batch of 2 messages
2025-10-12 22:55:58.193 [reactor-http-nio-3] INFO  c.e.w.client.ContentStreamClient - Content stream cancelled
2025-10-12 22:55:58.204 [Test worker] INFO  c.e.w.client.ContentStreamClient - Consuming stream in time windows, topic: test, window: PT0.2S
2025-10-12 22:55:58.204 [Test worker] INFO  c.e.w.client.ContentStreamClient - Starting to consume content stream for topic: test
2025-10-12 22:55:58.213 [Test worker] INFO  c.e.w.client.ContentStreamClient - New time window started
2025-10-12 22:55:58.215 [Test worker] INFO  c.e.w.client.ContentStreamClient - Subscribed to content stream
2025-10-12 22:55:58.230 [webflux-http-nio-4] INFO  c.e.w.c.StreamMockController - Starting stream for topic: test
2025-10-12 22:55:58.338 [reactor-http-nio-4] INFO  c.e.w.f.LoggingExchangeFilterFunction - WebClient: GET http://localhost:8080/api/stream/content?topic=test - 200 OK - 122ms
2025-10-12 22:55:58.429 [parallel-7] INFO  c.e.w.client.ContentStreamClient - New time window started
2025-10-12 22:55:58.618 [parallel-7] INFO  c.e.w.client.ContentStreamClient - New time window started
2025-10-12 22:55:58.742 [parallel-2] INFO  c.e.w.c.StreamMockController - Stream completed for topic: test
2025-10-12 22:55:58.745 [reactor-http-nio-4] INFO  c.e.w.client.ContentStreamClient - Content stream completed
2025-10-12 22:55:58.745 [reactor-http-nio-4] INFO  c.e.w.client.ContentStreamClient - Content stream cancelled
2025-10-12 22:55:58.764 [Test worker] INFO  c.e.w.client.ContentStreamClient - Consuming and filtering stream, topic: test, keyword: content
2025-10-12 22:55:58.765 [Test worker] INFO  c.e.w.client.ContentStreamClient - Starting to consume content stream for topic: test
2025-10-12 22:55:58.782 [Test worker] INFO  c.e.w.client.ContentStreamClient - Subscribed to content stream
2025-10-12 22:55:58.789 [webflux-http-nio-4] INFO  c.e.w.c.StreamMockController - Starting stream for topic: test
2025-10-12 22:55:58.905 [reactor-http-nio-4] INFO  c.e.w.f.LoggingExchangeFilterFunction - WebClient: GET http://localhost:8080/api/stream/content?topic=test - 200 OK - 122ms
2025-10-12 22:55:59.106 [reactor-http-nio-4] INFO  c.e.w.client.ContentStreamClient - Content stream cancelled
2025-10-12 22:55:59.119 [Test worker] INFO  c.e.w.client.ContentStreamClient - Starting to consume content stream for topic: test
2025-10-12 22:55:59.120 [Test worker] INFO  c.e.w.client.ContentStreamClient - Subscribed to content stream
2025-10-12 22:55:59.131 [webflux-http-nio-5] INFO  c.e.w.c.StreamMockController - Starting stream for topic: test
2025-10-12 22:55:59.242 [reactor-http-nio-5] INFO  c.e.w.f.LoggingExchangeFilterFunction - WebClient: GET http://localhost:8080/api/stream/content?topic=test - 200 OK - 121ms
2025-10-12 22:55:59.443 [reactor-http-nio-5] INFO  c.e.w.client.ContentStreamClient - Content stream cancelled
2025-10-12 22:55:59.456 [Test worker] INFO  c.e.w.client.ContentStreamClient - Consuming stream with backpressure, topic: test, prefetch: 2
2025-10-12 22:55:59.456 [Test worker] INFO  c.e.w.client.ContentStreamClient - Starting to consume content stream for topic: test
2025-10-12 22:55:59.463 [Test worker] INFO  c.e.w.client.ContentStreamClient - Subscribed to content stream
2025-10-12 22:55:59.474 [webflux-http-nio-6] INFO  c.e.w.c.StreamMockController - Starting stream for topic: test
2025-10-12 22:55:59.581 [reactor-http-nio-6] INFO  c.e.w.f.LoggingExchangeFilterFunction - WebClient: GET http://localhost:8080/api/stream/content?topic=test - 200 OK - 118ms
2025-10-12 22:55:59.788 [reactor-http-nio-6] INFO  c.e.w.client.ContentStreamClient - Content stream cancelled
2025-10-12 22:55:59.796 [Test worker] INFO  c.e.w.client.ContentStreamClient - Starting to consume content stream for topic: test
2025-10-12 22:55:59.798 [Test worker] INFO  c.e.w.client.ContentStreamClient - Subscribed to content stream
2025-10-12 22:55:59.809 [webflux-http-nio-7] INFO  c.e.w.c.StreamMockController - Starting stream for topic: test
2025-10-12 22:55:59.916 [reactor-http-nio-7] INFO  c.e.w.f.LoggingExchangeFilterFunction - WebClient: GET http://localhost:8080/api/stream/content?topic=test - 200 OK - 117ms
2025-10-12 22:56:00.116 [reactor-http-nio-7] INFO  c.e.w.client.ContentStreamClient - Content stream cancelled
]]></system-out>
  <system-err><![CDATA[]]></system-err>
</testsuite>
