<?xml version="1.0" encoding="UTF-8"?>
<testsuite name="com.example.webclient.WebClientDemoApplicationTests" tests="1" skipped="0" failures="0" errors="0" timestamp="2025-10-12T14:55:51.515Z" hostname="COMPUTER" time="1.831">
  <properties/>
  <testcase name="contextLoads()" classname="com.example.webclient.WebClientDemoApplicationTests" time="1.831"/>
  <system-out><![CDATA[22:55:43.794 [Test worker] INFO org.springframework.test.context.support.AnnotationConfigContextLoaderUtils -- Could not detect default configuration classes for test class [com.example.webclient.WebClientDemoApplicationTests]: WebClientDemoApplicationTests does not declare any static, non-private, non-final, nested classes annotated with @Configuration.
22:55:44.094 [Test worker] INFO org.springframework.boot.test.context.SpringBootTestContextBootstrapper -- Found @SpringBootConfiguration com.example.webclient.WebClientDemoApplication for test class com.example.webclient.WebClientDemoApplicationTests
22:55:43,513 |-INFO in ch.qos.logback.classic.LoggerContext[default] - This is logback-classic version 1.5.16
22:55:43,520 |-INFO in ch.qos.logback.classic.util.ContextInitializer@671facee - Here is a list of configurators discovered as a service, by rank: 
22:55:43,520 |-INFO in ch.qos.logback.classic.util.ContextInitializer@671facee -   org.springframework.boot.logging.logback.RootLogLevelConfigurator
22:55:43,520 |-INFO in ch.qos.logback.classic.util.ContextInitializer@671facee - They will be invoked in order until ExecutionStatus.DO_NOT_INVOKE_NEXT_IF_ANY is returned.
22:55:43,520 |-INFO in ch.qos.logback.classic.util.ContextInitializer@671facee - Constructed configurator of type class org.springframework.boot.logging.logback.RootLogLevelConfigurator
22:55:43,536 |-INFO in ch.qos.logback.classic.util.ContextInitializer@671facee - org.springframework.boot.logging.logback.RootLogLevelConfigurator.configure() call lasted 1 milliseconds. ExecutionStatus=INVOKE_NEXT_IF_ANY
22:55:43,536 |-INFO in ch.qos.logback.classic.util.ContextInitializer@671facee - Trying to configure with ch.qos.logback.classic.joran.SerializedModelConfigurator
22:55:43,538 |-INFO in ch.qos.logback.classic.util.ContextInitializer@671facee - Constructed configurator of type class ch.qos.logback.classic.joran.SerializedModelConfigurator
22:55:43,542 |-INFO in ch.qos.logback.classic.LoggerContext[default] - Could NOT find resource [logback-test.scmo]
22:55:43,543 |-INFO in ch.qos.logback.classic.LoggerContext[default] - Could NOT find resource [logback.scmo]
22:55:43,543 |-INFO in ch.qos.logback.classic.util.ContextInitializer@671facee - ch.qos.logback.classic.joran.SerializedModelConfigurator.configure() call lasted 5 milliseconds. ExecutionStatus=INVOKE_NEXT_IF_ANY
22:55:43,543 |-INFO in ch.qos.logback.classic.util.ContextInitializer@671facee - Trying to configure with ch.qos.logback.classic.util.DefaultJoranConfigurator
22:55:43,544 |-INFO in ch.qos.logback.classic.util.ContextInitializer@671facee - Constructed configurator of type class ch.qos.logback.classic.util.DefaultJoranConfigurator
22:55:43,545 |-INFO in ch.qos.logback.classic.LoggerContext[default] - Could NOT find resource [logback-test.xml]
22:55:43,546 |-INFO in ch.qos.logback.classic.LoggerContext[default] - Could NOT find resource [logback.xml]
22:55:43,546 |-INFO in ch.qos.logback.classic.util.ContextInitializer@671facee - ch.qos.logback.classic.util.DefaultJoranConfigurator.configure() call lasted 2 milliseconds. ExecutionStatus=INVOKE_NEXT_IF_ANY
22:55:43,546 |-INFO in ch.qos.logback.classic.util.ContextInitializer@671facee - Trying to configure with ch.qos.logback.classic.BasicConfigurator
22:55:43,552 |-INFO in ch.qos.logback.classic.util.ContextInitializer@671facee - Constructed configurator of type class ch.qos.logback.classic.BasicConfigurator
22:55:43,552 |-INFO in ch.qos.logback.classic.BasicConfigurator@46a953cf - Setting up default configuration.
22:55:43,586 |-INFO in ch.qos.logback.core.ConsoleAppender[console] - BEWARE: Writing to the console can be very slow. Avoid logging to the 
22:55:43,586 |-INFO in ch.qos.logback.core.ConsoleAppender[console] - console in production environments, especially in high volume systems.
22:55:43,586 |-INFO in ch.qos.logback.core.ConsoleAppender[console] - See also https://logback.qos.ch/codes.html#slowConsole
22:55:43,587 |-INFO in ch.qos.logback.classic.util.ContextInitializer@671facee - ch.qos.logback.classic.BasicConfigurator.configure() call lasted 35 milliseconds. ExecutionStatus=NEUTRAL
22:55:45,195 |-INFO in ch.qos.logback.core.model.processor.AppenderModelHandler - Processing appender named [CONSOLE]
22:55:45,195 |-INFO in ch.qos.logback.core.model.processor.AppenderModelHandler - About to instantiate appender of type [ch.qos.logback.core.ConsoleAppender]
22:55:45,204 |-INFO in ch.qos.logback.core.model.processor.ImplicitModelHandler - Assuming default type [ch.qos.logback.classic.encoder.PatternLayoutEncoder] for [encoder] property
22:55:45,282 |-INFO in ch.qos.logback.core.ConsoleAppender[CONSOLE] - BEWARE: Writing to the console can be very slow. Avoid logging to the 
22:55:45,282 |-INFO in ch.qos.logback.core.ConsoleAppender[CONSOLE] - console in production environments, especially in high volume systems.
22:55:45,282 |-INFO in ch.qos.logback.core.ConsoleAppender[CONSOLE] - See also https://logback.qos.ch/codes.html#slowConsole
22:55:45,286 |-WARN in ch.qos.logback.core.model.processor.AppenderModelHandler - Appender named [FILE] not referenced. Skipping further processing.
22:55:45,286 |-INFO in ch.qos.logback.classic.model.processor.RootLoggerModelHandler - Setting level of ROOT logger to INFO
22:55:45,287 |-INFO in ch.qos.logback.classic.jul.LevelChangePropagator@154bd49b - Propagating INFO level on Logger[ROOT] onto the JUL framework
22:55:45,288 |-INFO in ch.qos.logback.core.model.processor.AppenderRefModelHandler - Attaching appender named [CONSOLE] to Logger[ROOT]
22:55:45,289 |-INFO in ch.qos.logback.classic.model.processor.LoggerModelHandler - Setting level of logger [com.example.webclient] to DEBUG
22:55:45,289 |-INFO in ch.qos.logback.classic.jul.LevelChangePropagator@154bd49b - Propagating DEBUG level on Logger[com.example.webclient] onto the JUL framework
22:55:45,289 |-INFO in ch.qos.logback.core.model.processor.DefaultProcessor@3a01773b - End of configuration.
22:55:45,290 |-INFO in org.springframework.boot.logging.logback.SpringBootJoranConfigurator@20e3c449 - Registering current configuration as safe fallback point


  .   ____          _            __ _ _
 /\\ / ___'_ __ _ _(_)_ __  __ _ \ \ \ \
( ( )\___ | '_ | '_| | '_ \/ _` | \ \ \ \
 \\/  ___)| |_)| | | | | || (_| |  ) ) ) )
  '  |____| .__|_| |_|_| |_\__, | / / / /
 =========|_|==============|___/=/_/_/_/

 :: Spring Boot ::                (v3.4.3)

2025-10-12 22:55:45.396 [background-preinit] INFO  o.h.validator.internal.util.Version - HV000001: Hibernate Validator 8.0.2.Final
2025-10-12 22:55:45.484 [Test worker] INFO  c.e.w.WebClientDemoApplicationTests - Starting WebClientDemoApplicationTests using Java 17.0.2 with PID 39308 (started by HiWin10 in E:\Projects\webclient-demo-claude4.5\webclient-demo)
2025-10-12 22:55:45.486 [Test worker] DEBUG c.e.w.WebClientDemoApplicationTests - Running with Spring Boot v3.4.3, Spring v6.2.3
2025-10-12 22:55:45.488 [Test worker] INFO  c.e.w.WebClientDemoApplicationTests - No active profile set, falling back to 1 default profile: "default"
2025-10-12 22:55:48.070 [Test worker] WARN  o.m.s.mapper.ClassPathMapperScanner - No MyBatis mapper was found in '[com.example.webclient]' package. Please check your configuration.
2025-10-12 22:55:50.393 [Test worker] INFO  o.s.b.a.e.web.EndpointLinksResolver - Exposing 3 endpoints beneath base path '/actuator'
 _ _   |_  _ _|_. ___ _ |    _ 
| | |\/|_)(_| | |_\  |_)||_|_\ 
     /               |         
                        3.5.5 
2025-10-12 22:55:51.495 [Test worker] INFO  c.e.w.WebClientDemoApplicationTests - Started WebClientDemoApplicationTests in 7.103 seconds (process running for 10.066)
]]></system-out>
  <system-err><![CDATA[]]></system-err>
</testsuite>
