<?xml version="1.0" encoding="UTF-8"?>
<testsuite name="异步调用测试" tests="8" skipped="0" failures="0" errors="0" timestamp="2025-10-12T14:56:00.133Z" hostname="COMPUTER" time="0.396">
  <properties/>
  <testcase name="异步获取单个推荐 - 成功" classname="com.example.webclient.client.RecommendationClientTest" time="0.087"/>
  <testcase name="异步获取推荐列表 - 成功" classname="com.example.webclient.client.RecommendationClientTest" time="0.059"/>
  <testcase name="异步调用超时测试" classname="com.example.webclient.client.RecommendationClientTest" time="0.037"/>
  <testcase name="批量异步获取推荐 - 并发测试" classname="com.example.webclient.client.RecommendationClientTest" time="0.053"/>
  <testcase name="空结果处理测试" classname="com.example.webclient.client.RecommendationClientTest" time="0.027"/>
  <testcase name="批量异步获取 - 部分失败处理" classname="com.example.webclient.client.RecommendationClientTest" time="0.029"/>
  <testcase name="串行组合请求 - FlatMap 测试" classname="com.example.webclient.client.RecommendationClientTest" time="0.048"/>
  <testcase name="组合多个异步请求 - Zip 测试" classname="com.example.webclient.client.RecommendationClientTest" time="0.039"/>
  <system-out><![CDATA[2025-10-12 22:56:00.138 [Test worker] INFO  c.e.w.client.RecommendationClient - Fetching recommendation asynchronously for id: 1
2025-10-12 22:56:00.154 [webflux-http-nio-8] INFO  c.e.w.c.RecommendationMockController - Getting recommendation: 1
2025-10-12 22:56:00.190 [reactor-http-nio-8] INFO  c.e.w.f.LoggingExchangeFilterFunction - WebClient: GET http://localhost:8080/api/recommendations/1 - 200 OK - 46ms
2025-10-12 22:56:00.213 [reactor-http-nio-8] INFO  c.e.w.client.RecommendationClient - Successfully fetched recommendation: 1
2025-10-12 22:56:00.226 [Test worker] INFO  c.e.w.client.RecommendationClient - Fetching recommendations asynchronously for request: RecommendationRequest{userId=1, category='personal', limit=10, excludeTags=null, minScore=null}
2025-10-12 22:56:00.260 [webflux-http-nio-8] INFO  c.e.w.c.RecommendationMockController - Getting recommendations: RecommendationRequest{userId=1, category='personal', limit=10, excludeTags=null, minScore=null}
2025-10-12 22:56:00.271 [reactor-http-nio-8] INFO  c.e.w.f.LoggingExchangeFilterFunction - WebClient: POST http://localhost:8080/api/recommendations - 200 OK - 32ms
2025-10-12 22:56:00.277 [reactor-http-nio-8] INFO  c.e.w.client.RecommendationClient - Successfully fetched 2 recommendations
2025-10-12 22:56:00.289 [Test worker] INFO  c.e.w.client.RecommendationClient - Fetching recommendations asynchronously for request: RecommendationRequest{userId=1, category='personal', limit=10, excludeTags=null, minScore=null}
2025-10-12 22:56:00.307 [webflux-http-nio-8] INFO  c.e.w.c.RecommendationMockController - Getting recommendations: RecommendationRequest{userId=1, category='personal', limit=10, excludeTags=null, minScore=null}
2025-10-12 22:56:00.310 [reactor-http-nio-8] INFO  c.e.w.f.LoggingExchangeFilterFunction - WebClient: POST http://localhost:8080/api/recommendations - 200 OK - 19ms
2025-10-12 22:56:00.312 [reactor-http-nio-8] INFO  c.e.w.client.RecommendationClient - Successfully fetched 2 recommendations
2025-10-12 22:56:00.328 [Test worker] INFO  c.e.w.client.RecommendationClient - Fetching 5 recommendations in batch
2025-10-12 22:56:00.330 [Test worker] INFO  c.e.w.client.RecommendationClient - Fetching recommendation asynchronously for id: 1
2025-10-12 22:56:00.332 [Test worker] INFO  c.e.w.client.RecommendationClient - Fetching recommendation asynchronously for id: 2
2025-10-12 22:56:00.336 [Test worker] INFO  c.e.w.client.RecommendationClient - Fetching recommendation asynchronously for id: 3
2025-10-12 22:56:00.340 [webflux-http-nio-8] INFO  c.e.w.c.RecommendationMockController - Getting recommendation: 1
2025-10-12 22:56:00.342 [Test worker] INFO  c.e.w.client.RecommendationClient - Fetching recommendation asynchronously for id: 4
2025-10-12 22:56:00.343 [reactor-http-nio-8] INFO  c.e.w.f.LoggingExchangeFilterFunction - WebClient: GET http://localhost:8080/api/recommendations/1 - 200 OK - 11ms
2025-10-12 22:56:00.344 [Test worker] INFO  c.e.w.client.RecommendationClient - Fetching recommendation asynchronously for id: 5
2025-10-12 22:56:00.345 [reactor-http-nio-8] INFO  c.e.w.client.RecommendationClient - Successfully fetched recommendation: 1
2025-10-12 22:56:00.348 [webflux-http-nio-1] INFO  c.e.w.c.RecommendationMockController - Getting recommendation: 2
2025-10-12 22:56:00.350 [webflux-http-nio-8] INFO  c.e.w.c.RecommendationMockController - Getting recommendation: 5
2025-10-12 22:56:00.355 [reactor-http-nio-8] INFO  c.e.w.f.LoggingExchangeFilterFunction - WebClient: GET http://localhost:8080/api/recommendations/5 - 200 OK - 10ms
2025-10-12 22:56:00.357 [reactor-http-nio-1] INFO  c.e.w.f.LoggingExchangeFilterFunction - WebClient: GET http://localhost:8080/api/recommendations/2 - 200 OK - 21ms
2025-10-12 22:56:00.357 [reactor-http-nio-8] INFO  c.e.w.client.RecommendationClient - Successfully fetched recommendation: 5
2025-10-12 22:56:00.357 [webflux-http-nio-3] INFO  c.e.w.c.RecommendationMockController - Getting recommendation: 3
2025-10-12 22:56:00.358 [reactor-http-nio-1] INFO  c.e.w.client.RecommendationClient - Successfully fetched recommendation: 2
2025-10-12 22:56:00.360 [reactor-http-nio-2] INFO  c.e.w.f.LoggingExchangeFilterFunction - WebClient: GET http://localhost:8080/api/recommendations/3 - 200 OK - 19ms
2025-10-12 22:56:00.361 [reactor-http-nio-2] INFO  c.e.w.client.RecommendationClient - Successfully fetched recommendation: 3
2025-10-12 22:56:00.364 [webflux-http-nio-2] INFO  c.e.w.c.RecommendationMockController - Getting recommendation: 4
2025-10-12 22:56:00.366 [reactor-http-nio-3] INFO  c.e.w.f.LoggingExchangeFilterFunction - WebClient: GET http://localhost:8080/api/recommendations/4 - 200 OK - 23ms
2025-10-12 22:56:00.370 [reactor-http-nio-3] INFO  c.e.w.client.RecommendationClient - Successfully fetched recommendation: 4
2025-10-12 22:56:00.371 [reactor-http-nio-3] INFO  c.e.w.client.RecommendationClient - Batch fetch completed
2025-10-12 22:56:00.384 [Test worker] INFO  c.e.w.client.RecommendationClient - Fetching recommendations asynchronously for request: RecommendationRequest{userId=999, category='nonexistent', limit=10, excludeTags=null, minScore=null}
2025-10-12 22:56:00.394 [webflux-http-nio-8] INFO  c.e.w.c.RecommendationMockController - Getting recommendations: RecommendationRequest{userId=999, category='nonexistent', limit=10, excludeTags=null, minScore=null}
2025-10-12 22:56:00.396 [reactor-http-nio-8] INFO  c.e.w.f.LoggingExchangeFilterFunction - WebClient: POST http://localhost:8080/api/recommendations - 200 OK - 9ms
2025-10-12 22:56:00.398 [reactor-http-nio-8] INFO  c.e.w.client.RecommendationClient - Successfully fetched 0 recommendations
2025-10-12 22:56:00.412 [Test worker] INFO  c.e.w.client.RecommendationClient - Fetching 3 recommendations in batch
2025-10-12 22:56:00.413 [Test worker] INFO  c.e.w.client.RecommendationClient - Fetching recommendation asynchronously for id: 1
2025-10-12 22:56:00.415 [Test worker] INFO  c.e.w.client.RecommendationClient - Fetching recommendation asynchronously for id: 999
2025-10-12 22:56:00.423 [webflux-http-nio-1] INFO  c.e.w.c.RecommendationMockController - Getting recommendation: 1
2025-10-12 22:56:00.423 [Test worker] INFO  c.e.w.client.RecommendationClient - Fetching recommendation asynchronously for id: 2
2025-10-12 22:56:00.426 [reactor-http-nio-1] INFO  c.e.w.f.LoggingExchangeFilterFunction - WebClient: GET http://localhost:8080/api/recommendations/1 - 200 OK - 11ms
2025-10-12 22:56:00.426 [webflux-http-nio-3] INFO  c.e.w.c.RecommendationMockController - Getting recommendation: 999
2025-10-12 22:56:00.427 [reactor-http-nio-1] INFO  c.e.w.client.RecommendationClient - Successfully fetched recommendation: 1
2025-10-12 22:56:00.428 [webflux-http-nio-2] INFO  c.e.w.c.RecommendationMockController - Getting recommendation: 2
2025-10-12 22:56:00.429 [reactor-http-nio-2] INFO  c.e.w.f.LoggingExchangeFilterFunction - WebClient: GET http://localhost:8080/api/recommendations/999 - 200 OK - 8ms
2025-10-12 22:56:00.430 [reactor-http-nio-2] INFO  c.e.w.client.RecommendationClient - Successfully fetched recommendation: 999
2025-10-12 22:56:00.430 [reactor-http-nio-3] INFO  c.e.w.f.LoggingExchangeFilterFunction - WebClient: GET http://localhost:8080/api/recommendations/2 - 200 OK - 6ms
2025-10-12 22:56:00.431 [reactor-http-nio-3] INFO  c.e.w.client.RecommendationClient - Successfully fetched recommendation: 2
2025-10-12 22:56:00.432 [reactor-http-nio-3] INFO  c.e.w.client.RecommendationClient - Batch fetch completed
2025-10-12 22:56:00.444 [Test worker] INFO  c.e.w.client.RecommendationClient - Fetching first recommendation detail for request: RecommendationRequest{userId=1, category='personal', limit=5, excludeTags=null, minScore=null}
2025-10-12 22:56:00.445 [Test worker] INFO  c.e.w.client.RecommendationClient - Fetching recommendations asynchronously for request: RecommendationRequest{userId=1, category='personal', limit=5, excludeTags=null, minScore=null}
2025-10-12 22:56:00.454 [webflux-http-nio-8] INFO  c.e.w.c.RecommendationMockController - Getting recommendations: RecommendationRequest{userId=1, category='personal', limit=5, excludeTags=null, minScore=null}
2025-10-12 22:56:00.458 [reactor-http-nio-8] INFO  c.e.w.f.LoggingExchangeFilterFunction - WebClient: POST http://localhost:8080/api/recommendations - 200 OK - 10ms
2025-10-12 22:56:00.466 [reactor-http-nio-8] INFO  c.e.w.client.RecommendationClient - Successfully fetched 2 recommendations
2025-10-12 22:56:00.468 [reactor-http-nio-8] INFO  c.e.w.client.RecommendationClient - Fetching recommendation asynchronously for id: 10
2025-10-12 22:56:00.476 [webflux-http-nio-1] INFO  c.e.w.c.RecommendationMockController - Getting recommendation: 10
2025-10-12 22:56:00.480 [reactor-http-nio-1] INFO  c.e.w.f.LoggingExchangeFilterFunction - WebClient: GET http://localhost:8080/api/recommendations/10 - 200 OK - 9ms
2025-10-12 22:56:00.482 [reactor-http-nio-1] INFO  c.e.w.client.RecommendationClient - Successfully fetched recommendation: 10
2025-10-12 22:56:00.482 [reactor-http-nio-1] INFO  c.e.w.client.RecommendationClient - Successfully fetched first recommendation detail
2025-10-12 22:56:00.496 [Test worker] INFO  c.e.w.client.RecommendationClient - Fetching combined recommendations for user: 1
2025-10-12 22:56:00.497 [Test worker] INFO  c.e.w.client.RecommendationClient - Fetching recommendations asynchronously for request: RecommendationRequest{userId=1, category='personal', limit=10, excludeTags=null, minScore=null}
2025-10-12 22:56:00.497 [Test worker] INFO  c.e.w.client.RecommendationClient - Fetching recommendations asynchronously for request: RecommendationRequest{userId=null, category='popular', limit=10, excludeTags=null, minScore=null}
2025-10-12 22:56:00.509 [webflux-http-nio-2] INFO  c.e.w.c.RecommendationMockController - Getting recommendations: RecommendationRequest{userId=null, category='popular', limit=10, excludeTags=null, minScore=null}
2025-10-12 22:56:00.513 [webflux-http-nio-3] INFO  c.e.w.c.RecommendationMockController - Getting recommendations: RecommendationRequest{userId=1, category='personal', limit=10, excludeTags=null, minScore=null}
2025-10-12 22:56:00.515 [reactor-http-nio-3] INFO  c.e.w.f.LoggingExchangeFilterFunction - WebClient: POST http://localhost:8080/api/recommendations - 200 OK - 11ms
2025-10-12 22:56:00.518 [reactor-http-nio-2] INFO  c.e.w.f.LoggingExchangeFilterFunction - WebClient: POST http://localhost:8080/api/recommendations - 200 OK - 15ms
2025-10-12 22:56:00.522 [reactor-http-nio-2] INFO  c.e.w.client.RecommendationClient - Successfully fetched 2 recommendations
2025-10-12 22:56:00.524 [reactor-http-nio-3] INFO  c.e.w.client.RecommendationClient - Successfully fetched 10 recommendations
2025-10-12 22:56:00.525 [reactor-http-nio-3] INFO  c.e.w.client.RecommendationClient - Combined 12 recommendations
]]></system-out>
  <system-err><![CDATA[]]></system-err>
</testsuite>
